2025-11-27 09:00:00 INFO System startup complete
2025-11-27 09:05:12 WARNING Low disk space
2025-11-27 09:10:45 ERROR Failed to connect to database
2025-11-27 09:15:30 INFO User admin logged in
2025-11-27 09:20:22 WARNING High memory usage
2025-11-27 09:25:11 ERROR Unable to write to log file
2025-11-27 09:30:05 INFO Scheduled backup completed
2025-11-27 09:35:17 WARNING CPU temperature high
2025-11-27 09:40:40 ERROR Network timeout
2025-11-27 09:45:55 INFO User guest logged out
 

[(datetime.datetime(2025, 11, 27, 9, 0), 'INFO', 'System startup complete', False),
 (datetime.datetime(2025, 11, 27, 9, 5, 12), 'WARNING', 'Low disk space', False), (
datetime.datetime(2025, 11, 27, 9, 10, 45), 'ERROR', 'Failed to connect to database
', True), (datetime.datetime(2025, 11, 27, 9, 15, 30), 'INFO', 'User admin logged i
n', False), (datetime.datetime(2025, 11, 27, 9, 20, 22), 'WARNING', 'High memory us
age', False), (datetime.datetime(2025, 11, 27, 9, 25, 11), 'ERROR', 'Unable to writ
e to log file', True), (datetime.datetime(2025, 11, 27, 9, 30, 5), 'INFO', 'Schedul
ed backup completed', False), (datetime.datetime(2025, 11, 27, 9, 35, 17), 'WARNING
', 'CPU temperature high', False), (datetime.datetime(2025, 11, 27, 9, 40, 40), 'ER
ROR', 'Network timeout', True), (datetime.datetime(2025, 11, 27, 9, 45, 55), 'INFO', 'User guest logged out', False)]

 
